C:\Program Files\Microsoft Visual Studio\2022\Community\MSBuild\Microsoft\VC\v170\Microsoft.CppBuild.targets(531,5): warning MSB8028: The intermediate directory (Release\) contains files shared from another project (Project1.vcxproj).  This can lead to incorrect clean and rebuild behavior.
  main.cpp
C:\Users\Conno\OneDrive\Desktop\School\Year 3.1\New folder\PongGame\Project1\main.cpp(4,1): warning C4091: 'static ': ignored on left of 'int' when no variable is declared
C:\Users\Conno\OneDrive\Desktop\School\Year 3.1\New folder\PongGame\Project1\main.cpp(12,1): warning C4091: 'static ': ignored on left of 'int' when no variable is declared
C:\Users\Conno\OneDrive\Desktop\School\Year 3.1\New folder\PongGame\Project1\renderer.cpp(1,1): warning C4091: 'static ': ignored on left of 'int' when no variable is declared
C:\Users\Conno\OneDrive\Desktop\School\Year 3.1\New folder\PongGame\Project1\renderer.cpp(14,1): warning C4091: 'static ': ignored on left of 'int' when no variable is declared
C:\Users\Conno\OneDrive\Desktop\School\Year 3.1\New folder\PongGame\Project1\renderer.cpp(32,1): warning C4091: 'static ': ignored on left of 'int' when no variable is declared
C:\Users\Conno\OneDrive\Desktop\School\Year 3.1\New folder\PongGame\Project1\renderer.cpp(35,1): warning C4091: 'static ': ignored on left of 'int' when no variable is declared
C:\Users\Conno\OneDrive\Desktop\School\Year 3.1\New folder\PongGame\Project1\renderer.cpp(46,9): warning C4244: 'initializing': conversion from 'float' to 'int', possible loss of data
C:\Users\Conno\OneDrive\Desktop\School\Year 3.1\New folder\PongGame\Project1\renderer.cpp(47,9): warning C4244: 'initializing': conversion from 'float' to 'int', possible loss of data
C:\Users\Conno\OneDrive\Desktop\School\Year 3.1\New folder\PongGame\Project1\renderer.cpp(48,9): warning C4244: 'initializing': conversion from 'float' to 'int', possible loss of data
C:\Users\Conno\OneDrive\Desktop\School\Year 3.1\New folder\PongGame\Project1\renderer.cpp(49,9): warning C4244: 'initializing': conversion from 'float' to 'int', possible loss of data
C:\Users\Conno\OneDrive\Desktop\School\Year 3.1\New folder\PongGame\Project1\game.cpp(12,1): warning C4091: 'static ': ignored on left of 'int' when no variable is declared
C:\Users\Conno\OneDrive\Desktop\School\Year 3.1\New folder\PongGame\Project1\game.cpp(30,1): warning C4091: 'static ': ignored on left of 'int' when no variable is declared
C:\Users\Conno\OneDrive\Desktop\School\Year 3.1\New folder\PongGame\Project1\game.cpp(39,1): warning C4091: 'static ': ignored on left of 'int' when no variable is declared
C:\Users\Conno\OneDrive\Desktop\School\Year 3.1\New folder\PongGame\Project1\main.cpp(57,5): warning C4007: 'WinMain': must be '__stdcall'
  Generating code
  Previous IPDB not found, fall back to full compilation.
  All 9 functions were compiled because no usable IPDB/IOBJ from previous compilation was found.
  Finished generating code
  Project1.vcxproj -> C:\Users\Conno\OneDrive\Desktop\School\Year 3.1\New folder\PongGame\Release\PongGame.exe
